<?xml version="1.0" encoding="UTF-8"?>
<!-- Generated by org.testng.reporters.JUnitReportReporter -->
<testsuite hostname="DESKTOP-H0LT5HS" failures="0" tests="1" name="testCases.TC_002_LoginTest" time="11.182" errors="0" timestamp="2023-06-13T00:04:53 EDT" skipped="0">
  <testcase classname="testCases.TC_002_LoginTest" name="test_Login" time="11.182"/>
</testsuite> <!-- testCases.TC_002_LoginTest -->
