<?xml version="1.0" encoding="UTF-8"?>
<!-- Generated by org.testng.reporters.JUnitReportReporter -->
<testsuite hostname="DESKTOP-H0LT5HS" failures="0" tests="1" name="testCases.TC_001_AccountRegistrationTest" time="3.840" errors="0" timestamp="2023-06-13T00:04:53 EDT" skipped="0">
  <testcase classname="testCases.TC_001_AccountRegistrationTest" name="test_account_Registration" time="3.840"/>
</testsuite> <!-- testCases.TC_001_AccountRegistrationTest -->
